<?xml version="1.0" encoding="UTF-8" ?>
<testsuite tests="9" failures="1" name="TestSuite" time="16.944" errors="0" skipped="0">
  <properties>
[...]
</properties>
  <testcase classname="TestCases.HomePageTestCase" name="verifyHomePageTitleTest" time="0.034"/>
  <testcase classname="TestCases.HomePageTestCase" name="verifyCreateItemLinkTest" time="2.738"/>
  <testcase classname="TestCases.ItemPageTest" name="verifyItemsPage" time="1.222">
    <failure message="The element reference of &lt;a class=&quot;c-btn c-btn--success wt-100 rd-1&quot;&gt; stale: either the element is no longer attached to the DOM or the page has been refreshed
For documentation on this error, please visit: http://seleniumhq.org/exceptions/stale_element_reference.html
Build info: version: &apos;3.9.1&apos;, revision: &apos;63f7b50&apos;, time: &apos;2018-02-07T22:25:02.294Z&apos;
System info: host: &apos;TECHPRO&apos;, ip: &apos;192.168.180.1&apos;, os.name: &apos;Windows 8.1&apos;, os.arch: &apos;amd64&apos;, os.version: &apos;6.3&apos;, java.version: &apos;1.8.0_121&apos;
Driver info: org.openqa.selenium.firefox.FirefoxDriver
Capabilities {acceptInsecureCerts: true, browserName: firefox, browserVersion: 54.0.1, javascriptEnabled: true, moz:accessibilityChecks: false, moz:processID: 6316, moz:profile: C:\Users\TECHPR~1\AppData\L..., pageLoadStrategy: normal, platform: XP, platformName: XP, platformVersion: 6.3, rotatable: false, specificationLevel: 0, timeouts: {implicit: 0, pageLoad: 300000, script: 30000}}
Session ID: dc51e8ab-3e5c-461b-a157-1370f80acec8" type="org.openqa.selenium.StaleElementReferenceException">org.openqa.selenium.StaleElementReferenceException: The element reference of &lt;a class=&quot;c-btn c-btn--success wt-100 rd-1&quot;&gt; stale: either the element is no longer attached to the DOM or the page has been refreshed
For documentation on this error, please visit: http://seleniumhq.org/exceptions/stale_element_reference.html
Build info: version: &apos;3.9.1&apos;, revision: &apos;63f7b50&apos;, time: &apos;2018-02-07T22:25:02.294Z&apos;
System info: host: &apos;TECHPRO&apos;, ip: &apos;192.168.180.1&apos;, os.name: &apos;Windows 8.1&apos;, os.arch: &apos;amd64&apos;, os.version: &apos;6.3&apos;, java.version: &apos;1.8.0_121&apos;
Driver info: org.openqa.selenium.firefox.FirefoxDriver
Capabilities {acceptInsecureCerts: true, browserName: firefox, browserVersion: 54.0.1, javascriptEnabled: true, moz:accessibilityChecks: false, moz:processID: 6316, moz:profile: C:\Users\TECHPR~1\AppData\L..., pageLoadStrategy: normal, platform: XP, platformName: XP, platformVersion: 6.3, rotatable: false, specificationLevel: 0, timeouts: {implicit: 0, pageLoad: 300000, script: 30000}}
Session ID: dc51e8ab-3e5c-461b-a157-1370f80acec8
	at sun.reflect.NativeConstructorAccessorImpl.newInstance0(Native Method)
	at sun.reflect.NativeConstructorAccessorImpl.newInstance(NativeConstructorAccessorImpl.java:62)
	at sun.reflect.DelegatingConstructorAccessorImpl.newInstance(DelegatingConstructorAccessorImpl.java:45)
	at java.lang.reflect.Constructor.newInstance(Constructor.java:423)
	at org.openqa.selenium.remote.http.W3CHttpResponseCodec.createException(W3CHttpResponseCodec.java:187)
	at org.openqa.selenium.remote.http.W3CHttpResponseCodec.decode(W3CHttpResponseCodec.java:122)
	at org.openqa.selenium.remote.http.W3CHttpResponseCodec.decode(W3CHttpResponseCodec.java:49)
	at org.openqa.selenium.remote.HttpCommandExecutor.execute(HttpCommandExecutor.java:160)
	at org.openqa.selenium.remote.service.DriverCommandExecutor.execute(DriverCommandExecutor.java:83)
	at org.openqa.selenium.remote.RemoteWebDriver.execute(RemoteWebDriver.java:601)
	at org.openqa.selenium.remote.RemoteWebElement.execute(RemoteWebElement.java:279)
	at org.openqa.selenium.remote.RemoteWebElement.click(RemoteWebElement.java:83)
	at sun.reflect.NativeMethodAccessorImpl.invoke0(Native Method)
	at sun.reflect.NativeMethodAccessorImpl.invoke(NativeMethodAccessorImpl.java:62)
	at sun.reflect.DelegatingMethodAccessorImpl.invoke(DelegatingMethodAccessorImpl.java:43)
	at java.lang.reflect.Method.invoke(Method.java:498)
	at org.openqa.selenium.support.events.EventFiringWebDriver$EventFiringWebElement$1.invoke(EventFiringWebDriver.java:375)
	at com.sun.proxy.$Proxy11.click(Unknown Source)
	at org.openqa.selenium.support.events.EventFiringWebDriver$EventFiringWebElement.click(EventFiringWebDriver.java:388)
	at sun.reflect.NativeMethodAccessorImpl.invoke0(Native Method)
	at sun.reflect.NativeMethodAccessorImpl.invoke(NativeMethodAccessorImpl.java:62)
	at sun.reflect.DelegatingMethodAccessorImpl.invoke(DelegatingMethodAccessorImpl.java:43)
	at java.lang.reflect.Method.invoke(Method.java:498)
	at org.openqa.selenium.support.pagefactory.internal.LocatingElementHandler.invoke(LocatingElementHandler.java:51)
	at com.sun.proxy.$Proxy9.click(Unknown Source)
	at pages.HomePage.ClickOnItemsPageLink(HomePage.java:48)
	at TestCases.ItemPageTest.verifyItemsPage(ItemPageTest.java:43)
</failure>
    <system-out>Just before beforeNavigateTo http://dms.trainingncr.info/auth/login
Inside the afterNavigateTo to http://dms.trainingncr.info/auth/login
Enter URL
driver=org.openqa.selenium.support.events.EventFiringWebDriver@52b1beb6
driver=org.openqa.selenium.support.events.EventFiringWebDriver@52b1beb6
driver=org.openqa.selenium.support.events.EventFiringWebDriver@52b1beb6
driver=org.openqa.selenium.support.events.EventFiringWebDriver@52b1beb6
driver=org.openqa.selenium.support.events.EventFiringWebDriver@52b1beb6
driver=org.openqa.selenium.support.events.EventFiringWebDriver@52b1beb6
About to click on the [[FirefoxDriver: firefox on XP (dc51e8ab-3e5c-461b-a157-1370f80acec8)] -&gt; xpath: //button[@id=&apos;login_user&apos;]]
inside method afterClickOn on [[FirefoxDriver: firefox on XP (dc51e8ab-3e5c-461b-a157-1370f80acec8)] -&gt; xpath: //button[@id=&apos;login_user&apos;]]
driver=org.openqa.selenium.support.events.EventFiringWebDriver@52b1beb6
driver=org.openqa.selenium.support.events.EventFiringWebDriver@52b1beb6
About to click on the [[FirefoxDriver: firefox on XP (dc51e8ab-3e5c-461b-a157-1370f80acec8)] -&gt; xpath: //a[contains(text(),&apos;Create Item&apos;)]]
inside method afterClickOn on [[FirefoxDriver: firefox on XP (dc51e8ab-3e5c-461b-a157-1370f80acec8)] -&gt; xpath: //a[contains(text(),&apos;Create Item&apos;)]]
driver=org.openqa.selenium.support.events.EventFiringWebDriver@52b1beb6
driver=org.openqa.selenium.support.events.EventFiringWebDriver@52b1beb6
About to click on the [[FirefoxDriver: firefox on XP (dc51e8ab-3e5c-461b-a157-1370f80acec8)] -&gt; xpath: .//*[@id=&apos;main-content&apos;]/div[1]/div/button]
inside method afterClickOn on [[FirefoxDriver: firefox on XP (dc51e8ab-3e5c-461b-a157-1370f80acec8)] -&gt; xpath: .//*[@id=&apos;main-content&apos;]/div[1]/div/button]
driver=org.openqa.selenium.support.events.EventFiringWebDriver@52b1beb6
driver=org.openqa.selenium.support.events.EventFiringWebDriver@52b1beb6
driver=org.openqa.selenium.support.events.EventFiringWebDriver@52b1beb6
driver=org.openqa.selenium.support.events.EventFiringWebDriver@52b1beb6
driver=org.openqa.selenium.support.events.EventFiringWebDriver@52b1beb6
driver=org.openqa.selenium.support.events.EventFiringWebDriver@52b1beb6
driver=org.openqa.selenium.support.events.EventFiringWebDriver@52b1beb6
driver=org.openqa.selenium.support.events.EventFiringWebDriver@52b1beb6
About to click on the [[FirefoxDriver: firefox on XP (dc51e8ab-3e5c-461b-a157-1370f80acec8)] -&gt; xpath: //button[@id=&apos;create_item&apos;]]
inside method afterClickOn on [[FirefoxDriver: firefox on XP (dc51e8ab-3e5c-461b-a157-1370f80acec8)] -&gt; xpath: //button[@id=&apos;create_item&apos;]]
About to click on the [[FirefoxDriver: firefox on XP (dc51e8ab-3e5c-461b-a157-1370f80acec8)] -&gt; xpath: //a[contains(text(),&apos;Create Item&apos;)]]
Exception occured: org.openqa.selenium.StaleElementReferenceException: The element reference of &lt;a class=&quot;c-btn c-btn--success wt-100 rd-1&quot;&gt; stale: either the element is no longer attached to the DOM or the page has been refreshed
For documentation on this error, please visit: http://seleniumhq.org/exceptions/stale_element_reference.html
Build info: version: &apos;3.9.1&apos;, revision: &apos;63f7b50&apos;, time: &apos;2018-02-07T22:25:02.294Z&apos;
System info: host: &apos;TECHPRO&apos;, ip: &apos;192.168.180.1&apos;, os.name: &apos;Windows 8.1&apos;, os.arch: &apos;amd64&apos;, os.version: &apos;6.3&apos;, java.version: &apos;1.8.0_121&apos;
Driver info: org.openqa.selenium.firefox.FirefoxDriver
Capabilities {acceptInsecureCerts: true, browserName: firefox, browserVersion: 54.0.1, javascriptEnabled: true, moz:accessibilityChecks: false, moz:processID: 6316, moz:profile: C:\Users\TECHPR~1\AppData\L..., pageLoadStrategy: normal, platform: XP, platformName: XP, platformVersion: 6.3, rotatable: false, specificationLevel: 0, timeouts: {implicit: 0, pageLoad: 300000, script: 30000}}
Session ID: dc51e8ab-3e5c-461b-a157-1370f80acec8
</system-out>
    <system-err>1528895744870	Marionette	INFO	New connections will no longer be accepted
1528895745123	geckodriver	INFO	geckodriver 0.18.0
1528895745123	geckodriver	INFO	Listening on 127.0.0.1:33622
1528895745717	geckodriver::marionette	INFO	Starting browser C:\Program Files (x86)\Mozilla Firefox\firefox.exe with args [&quot;-marionette&quot;]
1528895749097	Marionette	INFO	Listening on port 61372
1528895749476	Marionette	WARN	TLS certificate errors will be ignored for this session
Jun 13, 2018 6:45:49 PM org.openqa.selenium.remote.ProtocolHandshake createSession
INFO: Detected dialect: W3C
Jun 13, 2018 6:46:06 PM org.openqa.selenium.remote.ErrorCodes toStatus
INFO: HTTP Status: &apos;400&apos; -&gt; incorrect JSON status mapping for &apos;stale element reference&apos; (404 expected)
</system-err>
  </testcase>
  <testcase classname="TestCases.HomePageTestCase" name="verifyCreateUserLinkTest" time="1.37"/>
  <testcase classname="TestCases.HomePageTestCase" name="verifyCreateRequestLinkTest" time="0.817"/>
  <testcase classname="TestCases.HomePageTestCase" name="verifyOrderPageLinkTest" time="0.806"/>
  <testcase classname="TestCases.HomePageTestCase" name="verifyViewUpdateRequestOrderPageLinkTest" time="1.128"/>
  <testcase classname="TestCases.HomePageTestCase" name="verifyViewUpdateOldRequestOrderPageLinkTest" time="3.498"/>
  <testcase classname="TestCases.HomePageTestCase" name="verifyViewUpdateDeliveryPageLinkTest" time="5.331"/>
</testsuite>