<?xml version="1.0" encoding="UTF-8"?>
<testng-results skipped="0" failed="1" total="9" passed="8">
  <reporter-output>
  </reporter-output>
  <suite name="Command line suite" duration-ms="164957" started-at="2018-06-13T13:15:05Z" finished-at="2018-06-13T13:17:50Z">
    <groups>
    </groups>
    <test name="Command line test" duration-ms="164957" started-at="2018-06-13T13:15:05Z" finished-at="2018-06-13T13:17:50Z">
      <class name="TestCases.ItemPageTest">
        <test-method status="PASS" signature="setUp()[pri:0, instance:TestCases.ItemPageTest@234bef66]" name="setUp" is-config="true" duration-ms="20626" started-at="2018-06-13T18:45:45Z" finished-at="2018-06-13T18:46:05Z">
          <reporter-output>
          </reporter-output>
        </test-method> <!-- setUp -->
        <test-method status="FAIL" signature="verifyItemsPage()[pri:0, instance:TestCases.ItemPageTest@234bef66]" name="verifyItemsPage" duration-ms="1218" started-at="2018-06-13T18:46:05Z" finished-at="2018-06-13T18:46:06Z">
          <exception class="org.openqa.selenium.StaleElementReferenceException">
            <message>
              <![CDATA[The element reference of <a class="c-btn c-btn--success wt-100 rd-1"> stale: either the element is no longer attached to the DOM or the page has been refreshed
For documentation on this error, please visit: http://seleniumhq.org/exceptions/stale_element_reference.html
Build info: version: '3.9.1', revision: '63f7b50', time: '2018-02-07T22:25:02.294Z'
System info: host: 'TECHPRO', ip: '192.168.180.1', os.name: 'Windows 8.1', os.arch: 'amd64', os.version: '6.3', java.version: '1.8.0_121'
Driver info: org.openqa.selenium.firefox.FirefoxDriver
Capabilities {acceptInsecureCerts: true, browserName: firefox, browserVersion: 54.0.1, javascriptEnabled: true, moz:accessibilityChecks: false, moz:processID: 6316, moz:profile: C:\Users\TECHPR~1\AppData\L..., pageLoadStrategy: normal, platform: XP, platformName: XP, platformVersion: 6.3, rotatable: false, specificationLevel: 0, timeouts: {implicit: 0, pageLoad: 300000, script: 30000}}
Session ID: dc51e8ab-3e5c-461b-a157-1370f80acec8]]>
            </message>
            <full-stacktrace>
              <![CDATA[org.openqa.selenium.StaleElementReferenceException: The element reference of <a class="c-btn c-btn--success wt-100 rd-1"> stale: either the element is no longer attached to the DOM or the page has been refreshed
For documentation on this error, please visit: http://seleniumhq.org/exceptions/stale_element_reference.html
Build info: version: '3.9.1', revision: '63f7b50', time: '2018-02-07T22:25:02.294Z'
System info: host: 'TECHPRO', ip: '192.168.180.1', os.name: 'Windows 8.1', os.arch: 'amd64', os.version: '6.3', java.version: '1.8.0_121'
Driver info: org.openqa.selenium.firefox.FirefoxDriver
Capabilities {acceptInsecureCerts: true, browserName: firefox, browserVersion: 54.0.1, javascriptEnabled: true, moz:accessibilityChecks: false, moz:processID: 6316, moz:profile: C:\Users\TECHPR~1\AppData\L..., pageLoadStrategy: normal, platform: XP, platformName: XP, platformVersion: 6.3, rotatable: false, specificationLevel: 0, timeouts: {implicit: 0, pageLoad: 300000, script: 30000}}
Session ID: dc51e8ab-3e5c-461b-a157-1370f80acec8
	at sun.reflect.NativeConstructorAccessorImpl.newInstance0(Native Method)
	at sun.reflect.NativeConstructorAccessorImpl.newInstance(NativeConstructorAccessorImpl.java:62)
	at sun.reflect.DelegatingConstructorAccessorImpl.newInstance(DelegatingConstructorAccessorImpl.java:45)
	at java.lang.reflect.Constructor.newInstance(Constructor.java:423)
	at org.openqa.selenium.remote.http.W3CHttpResponseCodec.createException(W3CHttpResponseCodec.java:187)
	at org.openqa.selenium.remote.http.W3CHttpResponseCodec.decode(W3CHttpResponseCodec.java:122)
	at org.openqa.selenium.remote.http.W3CHttpResponseCodec.decode(W3CHttpResponseCodec.java:49)
	at org.openqa.selenium.remote.HttpCommandExecutor.execute(HttpCommandExecutor.java:160)
	at org.openqa.selenium.remote.service.DriverCommandExecutor.execute(DriverCommandExecutor.java:83)
	at org.openqa.selenium.remote.RemoteWebDriver.execute(RemoteWebDriver.java:601)
	at org.openqa.selenium.remote.RemoteWebElement.execute(RemoteWebElement.java:279)
	at org.openqa.selenium.remote.RemoteWebElement.click(RemoteWebElement.java:83)
	at sun.reflect.NativeMethodAccessorImpl.invoke0(Native Method)
	at sun.reflect.NativeMethodAccessorImpl.invoke(NativeMethodAccessorImpl.java:62)
	at sun.reflect.DelegatingMethodAccessorImpl.invoke(DelegatingMethodAccessorImpl.java:43)
	at java.lang.reflect.Method.invoke(Method.java:498)
	at org.openqa.selenium.support.events.EventFiringWebDriver$EventFiringWebElement$1.invoke(EventFiringWebDriver.java:375)
	at com.sun.proxy.$Proxy11.click(Unknown Source)
	at org.openqa.selenium.support.events.EventFiringWebDriver$EventFiringWebElement.click(EventFiringWebDriver.java:388)
	at sun.reflect.NativeMethodAccessorImpl.invoke0(Native Method)
	at sun.reflect.NativeMethodAccessorImpl.invoke(NativeMethodAccessorImpl.java:62)
	at sun.reflect.DelegatingMethodAccessorImpl.invoke(DelegatingMethodAccessorImpl.java:43)
	at java.lang.reflect.Method.invoke(Method.java:498)
	at org.openqa.selenium.support.pagefactory.internal.LocatingElementHandler.invoke(LocatingElementHandler.java:51)
	at com.sun.proxy.$Proxy9.click(Unknown Source)
	at pages.HomePage.ClickOnItemsPageLink(HomePage.java:48)
	at TestCases.ItemPageTest.verifyItemsPage(ItemPageTest.java:43)
	at sun.reflect.NativeMethodAccessorImpl.invoke0(Native Method)
	at sun.reflect.NativeMethodAccessorImpl.invoke(NativeMethodAccessorImpl.java:62)
	at sun.reflect.DelegatingMethodAccessorImpl.invoke(DelegatingMethodAccessorImpl.java:43)
	at java.lang.reflect.Method.invoke(Method.java:498)
	at org.testng.internal.MethodInvocationHelper.invokeMethod(MethodInvocationHelper.java:80)
	at org.testng.internal.Invoker.invokeMethod(Invoker.java:714)
	at org.testng.internal.Invoker.invokeTestMethod(Invoker.java:901)
	at org.testng.internal.Invoker.invokeTestMethods(Invoker.java:1231)
	at org.testng.internal.TestMethodWorker.invokeTestMethods(TestMethodWorker.java:127)
	at org.testng.internal.TestMethodWorker.run(TestMethodWorker.java:111)
	at org.testng.TestRunner.privateRun(TestRunner.java:767)
	at org.testng.TestRunner.run(TestRunner.java:617)
	at org.testng.SuiteRunner.runTest(SuiteRunner.java:334)
	at org.testng.SuiteRunner.runSequentially(SuiteRunner.java:329)
	at org.testng.SuiteRunner.privateRun(SuiteRunner.java:291)
	at org.testng.SuiteRunner.run(SuiteRunner.java:240)
	at org.testng.SuiteRunnerWorker.runSuite(SuiteRunnerWorker.java:52)
	at org.testng.SuiteRunnerWorker.run(SuiteRunnerWorker.java:86)
	at org.testng.TestNG.runSuitesSequentially(TestNG.java:1198)
	at org.testng.TestNG.runSuitesLocally(TestNG.java:1123)
	at org.testng.TestNG.run(TestNG.java:1031)
	at org.apache.maven.surefire.testng.TestNGExecutor.run(TestNGExecutor.java:77)
	at org.apache.maven.surefire.testng.TestNGDirectoryTestSuite.executeMulti(TestNGDirectoryTestSuite.java:159)
	at org.apache.maven.surefire.testng.TestNGDirectoryTestSuite.execute(TestNGDirectoryTestSuite.java:99)
	at org.apache.maven.surefire.testng.TestNGProvider.invoke(TestNGProvider.java:106)
	at sun.reflect.NativeMethodAccessorImpl.invoke0(Native Method)
	at sun.reflect.NativeMethodAccessorImpl.invoke(NativeMethodAccessorImpl.java:62)
	at sun.reflect.DelegatingMethodAccessorImpl.invoke(DelegatingMethodAccessorImpl.java:43)
	at java.lang.reflect.Method.invoke(Method.java:498)
	at org.apache.maven.surefire.util.ReflectionUtils.invokeMethodWithArray(ReflectionUtils.java:189)
	at org.apache.maven.surefire.booter.ProviderFactory$ProviderProxy.invoke(ProviderFactory.java:165)
	at org.apache.maven.surefire.booter.ProviderFactory.invokeProvider(ProviderFactory.java:85)
	at org.apache.maven.surefire.booter.ForkedBooter.runSuitesInProcess(ForkedBooter.java:115)
	at org.apache.maven.surefire.booter.ForkedBooter.main(ForkedBooter.java:75)
]]>
            </full-stacktrace>
          </exception> <!-- org.openqa.selenium.StaleElementReferenceException -->
          <reporter-output>
          </reporter-output>
        </test-method> <!-- verifyItemsPage -->
        <test-method status="PASS" signature="tearDown()[pri:0, instance:TestCases.ItemPageTest@234bef66]" name="tearDown" is-config="true" duration-ms="294" started-at="2018-06-13T18:46:06Z" finished-at="2018-06-13T18:46:07Z">
          <reporter-output>
          </reporter-output>
        </test-method> <!-- tearDown -->
      </class> <!-- TestCases.ItemPageTest -->
      <class name="TestCases.HomePageTestCase">
        <test-method status="PASS" signature="setUp()[pri:0, instance:TestCases.HomePageTestCase@366e2eef]" name="setUp" is-config="true" duration-ms="16100" started-at="2018-06-13T18:45:05Z" finished-at="2018-06-13T18:45:22Z">
          <reporter-output>
          </reporter-output>
        </test-method> <!-- setUp -->
        <test-method status="PASS" signature="verifyHomePageTitleTest()[pri:0, instance:TestCases.HomePageTestCase@366e2eef]" name="verifyHomePageTitleTest" duration-ms="31" started-at="2018-06-13T18:45:22Z" finished-at="2018-06-13T18:45:22Z">
          <reporter-output>
          </reporter-output>
        </test-method> <!-- verifyHomePageTitleTest -->
        <test-method status="PASS" signature="tearDown()[pri:0, instance:TestCases.HomePageTestCase@366e2eef]" name="tearDown" is-config="true" duration-ms="276" started-at="2018-06-13T18:45:22Z" finished-at="2018-06-13T18:45:22Z">
          <reporter-output>
          </reporter-output>
        </test-method> <!-- tearDown -->
        <test-method status="PASS" signature="setUp()[pri:0, instance:TestCases.HomePageTestCase@366e2eef]" name="setUp" is-config="true" duration-ms="19811" started-at="2018-06-13T18:45:22Z" finished-at="2018-06-13T18:45:42Z">
          <reporter-output>
          </reporter-output>
        </test-method> <!-- setUp -->
        <test-method status="PASS" signature="verifyCreateItemLinkTest()[pri:0, instance:TestCases.HomePageTestCase@366e2eef]" name="verifyCreateItemLinkTest" duration-ms="2738" started-at="2018-06-13T18:45:42Z" finished-at="2018-06-13T18:45:44Z">
          <reporter-output>
          </reporter-output>
        </test-method> <!-- verifyCreateItemLinkTest -->
        <test-method status="PASS" signature="tearDown()[pri:0, instance:TestCases.HomePageTestCase@366e2eef]" name="tearDown" is-config="true" duration-ms="241" started-at="2018-06-13T18:45:44Z" finished-at="2018-06-13T18:45:45Z">
          <reporter-output>
          </reporter-output>
        </test-method> <!-- tearDown -->
        <test-method status="PASS" signature="setUp()[pri:0, instance:TestCases.HomePageTestCase@366e2eef]" name="setUp" is-config="true" duration-ms="14655" started-at="2018-06-13T18:46:07Z" finished-at="2018-06-13T18:46:21Z">
          <reporter-output>
          </reporter-output>
        </test-method> <!-- setUp -->
        <test-method status="PASS" signature="verifyCreateUserLinkTest()[pri:0, instance:TestCases.HomePageTestCase@366e2eef]" name="verifyCreateUserLinkTest" duration-ms="1369" started-at="2018-06-13T18:46:21Z" finished-at="2018-06-13T18:46:23Z">
          <reporter-output>
          </reporter-output>
        </test-method> <!-- verifyCreateUserLinkTest -->
        <test-method status="PASS" signature="tearDown()[pri:0, instance:TestCases.HomePageTestCase@366e2eef]" name="tearDown" is-config="true" duration-ms="731" started-at="2018-06-13T18:46:23Z" finished-at="2018-06-13T18:46:24Z">
          <reporter-output>
          </reporter-output>
        </test-method> <!-- tearDown -->
        <test-method status="PASS" signature="setUp()[pri:0, instance:TestCases.HomePageTestCase@366e2eef]" name="setUp" is-config="true" duration-ms="13837" started-at="2018-06-13T18:46:24Z" finished-at="2018-06-13T18:46:37Z">
          <reporter-output>
          </reporter-output>
        </test-method> <!-- setUp -->
        <test-method status="PASS" signature="verifyCreateRequestLinkTest()[pri:0, instance:TestCases.HomePageTestCase@366e2eef]" name="verifyCreateRequestLinkTest" duration-ms="818" started-at="2018-06-13T18:46:37Z" finished-at="2018-06-13T18:46:38Z">
          <reporter-output>
          </reporter-output>
        </test-method> <!-- verifyCreateRequestLinkTest -->
        <test-method status="PASS" signature="tearDown()[pri:0, instance:TestCases.HomePageTestCase@366e2eef]" name="tearDown" is-config="true" duration-ms="378" started-at="2018-06-13T18:46:38Z" finished-at="2018-06-13T18:46:39Z">
          <reporter-output>
          </reporter-output>
        </test-method> <!-- tearDown -->
        <test-method status="PASS" signature="setUp()[pri:0, instance:TestCases.HomePageTestCase@366e2eef]" name="setUp" is-config="true" duration-ms="14197" started-at="2018-06-13T18:46:39Z" finished-at="2018-06-13T18:46:53Z">
          <reporter-output>
          </reporter-output>
        </test-method> <!-- setUp -->
        <test-method status="PASS" signature="verifyOrderPageLinkTest()[pri:0, instance:TestCases.HomePageTestCase@366e2eef]" name="verifyOrderPageLinkTest" duration-ms="806" started-at="2018-06-13T18:46:53Z" finished-at="2018-06-13T18:46:54Z">
          <reporter-output>
          </reporter-output>
        </test-method> <!-- verifyOrderPageLinkTest -->
        <test-method status="PASS" signature="tearDown()[pri:0, instance:TestCases.HomePageTestCase@366e2eef]" name="tearDown" is-config="true" duration-ms="372" started-at="2018-06-13T18:46:54Z" finished-at="2018-06-13T18:46:54Z">
          <reporter-output>
          </reporter-output>
        </test-method> <!-- tearDown -->
        <test-method status="PASS" signature="setUp()[pri:0, instance:TestCases.HomePageTestCase@366e2eef]" name="setUp" is-config="true" duration-ms="13984" started-at="2018-06-13T18:46:54Z" finished-at="2018-06-13T18:47:08Z">
          <reporter-output>
          </reporter-output>
        </test-method> <!-- setUp -->
        <test-method status="PASS" signature="verifyViewUpdateRequestOrderPageLinkTest()[pri:0, instance:TestCases.HomePageTestCase@366e2eef]" name="verifyViewUpdateRequestOrderPageLinkTest" duration-ms="1129" started-at="2018-06-13T18:47:08Z" finished-at="2018-06-13T18:47:09Z">
          <reporter-output>
          </reporter-output>
        </test-method> <!-- verifyViewUpdateRequestOrderPageLinkTest -->
        <test-method status="PASS" signature="tearDown()[pri:0, instance:TestCases.HomePageTestCase@366e2eef]" name="tearDown" is-config="true" duration-ms="759" started-at="2018-06-13T18:47:09Z" finished-at="2018-06-13T18:47:10Z">
          <reporter-output>
          </reporter-output>
        </test-method> <!-- tearDown -->
        <test-method status="PASS" signature="setUp()[pri:0, instance:TestCases.HomePageTestCase@366e2eef]" name="setUp" is-config="true" duration-ms="14708" started-at="2018-06-13T18:47:10Z" finished-at="2018-06-13T18:47:24Z">
          <reporter-output>
          </reporter-output>
        </test-method> <!-- setUp -->
        <test-method status="PASS" signature="verifyViewUpdateOldRequestOrderPageLinkTest()[pri:0, instance:TestCases.HomePageTestCase@366e2eef]" name="verifyViewUpdateOldRequestOrderPageLinkTest" duration-ms="3499" started-at="2018-06-13T18:47:24Z" finished-at="2018-06-13T18:47:28Z">
          <reporter-output>
          </reporter-output>
        </test-method> <!-- verifyViewUpdateOldRequestOrderPageLinkTest -->
        <test-method status="PASS" signature="tearDown()[pri:0, instance:TestCases.HomePageTestCase@366e2eef]" name="tearDown" is-config="true" duration-ms="2153" started-at="2018-06-13T18:47:28Z" finished-at="2018-06-13T18:47:30Z">
          <reporter-output>
          </reporter-output>
        </test-method> <!-- tearDown -->
        <test-method status="PASS" signature="setUp()[pri:0, instance:TestCases.HomePageTestCase@366e2eef]" name="setUp" is-config="true" duration-ms="14599" started-at="2018-06-13T18:47:30Z" finished-at="2018-06-13T18:47:45Z">
          <reporter-output>
          </reporter-output>
        </test-method> <!-- setUp -->
        <test-method status="PASS" signature="verifyViewUpdateDeliveryPageLinkTest()[pri:0, instance:TestCases.HomePageTestCase@366e2eef]" name="verifyViewUpdateDeliveryPageLinkTest" duration-ms="5331" started-at="2018-06-13T18:47:45Z" finished-at="2018-06-13T18:47:50Z">
          <reporter-output>
          </reporter-output>
        </test-method> <!-- verifyViewUpdateDeliveryPageLinkTest -->
        <test-method status="PASS" signature="tearDown()[pri:0, instance:TestCases.HomePageTestCase@366e2eef]" name="tearDown" is-config="true" duration-ms="277" started-at="2018-06-13T18:47:50Z" finished-at="2018-06-13T18:47:50Z">
          <reporter-output>
          </reporter-output>
        </test-method> <!-- tearDown -->
      </class> <!-- TestCases.HomePageTestCase -->
    </test> <!-- Command line test -->
  </suite> <!-- Command line suite -->
</testng-results>
